Flow report for ecc
Sun Sep 21 16:41:50 2025
Quartus Prime Version 18.1.0 Build 625 09/12/2018 SJ Lite Edition


---------------------
; Table of Contents ;
---------------------
  1. Legal Notice
  2. Flow Summary
  3. Flow Settings
  4. Flow Non-Default Global Settings
  5. Flow Elapsed Time
  6. Flow OS Summary
  7. Flow Log
  8. Flow Messages
  9. Flow Suppressed Messages



----------------
; Legal Notice ;
----------------
Copyright (C) 2018  Intel Corporation. All rights reserved.
Your use of Intel Corporation's design tools, logic functions 
and other software and tools, and its AMPP partner logic 
functions, and any output files from any of the foregoing 
(including device programming or simulation files), and any 
associated documentation or information are expressly subject 
to the terms and conditions of the Intel Program License 
Subscription Agreement, the Intel Quartus Prime License Agreement,
the Intel FPGA IP License Agreement, or other applicable license
agreement, including, without limitation, that your use is for
the sole purpose of programming logic devices manufactured by
Intel and sold by Intel or its authorized distributors.  Please
refer to the applicable agreement for further details.



+----------------------------------------------------------------------------------+
; Flow Summary                                                                     ;
+------------------------------------+---------------------------------------------+
; Flow Status                        ; Successful - Sun Sep 21 16:41:46 2025       ;
; Quartus Prime Version              ; 18.1.0 Build 625 09/12/2018 SJ Lite Edition ;
; Revision Name                      ; ecc                                         ;
; Top-level Entity Name              ; spi_ecc_128bit                              ;
; Family                             ; Cyclone IV E                                ;
; Device                             ; EP4CE6E22C8                                 ;
; Timing Models                      ; Final                                       ;
; Total logic elements               ; 2,547 / 6,272 ( 41 % )                      ;
;     Total combinational functions  ; 1,562 / 6,272 ( 25 % )                      ;
;     Dedicated logic registers      ; 2,400 / 6,272 ( 38 % )                      ;
; Total registers                    ; 2401                                        ;
; Total pins                         ; 12 / 92 ( 13 % )                            ;
; Total virtual pins                 ; 0                                           ;
; Total memory bits                  ; 384 / 276,480 ( < 1 % )                     ;
; Embedded Multiplier 9-bit elements ; 0 / 30 ( 0 % )                              ;
; Total PLLs                         ; 0 / 2 ( 0 % )                               ;
+------------------------------------+---------------------------------------------+


+-----------------------------------------+
; Flow Settings                           ;
+-------------------+---------------------+
; Option            ; Setting             ;
+-------------------+---------------------+
; Start date & time ; 09/21/2025 16:41:21 ;
; Main task         ; Compilation         ;
; Revision Name     ; ecc                 ;
+-------------------+---------------------+


+-----------------------------------------------------------------------------------------------------------------------------+
; Flow Non-Default Global Settings                                                                                            ;
+--------------------------------------+----------------------------------------+---------------+----------------+------------+
; Assignment Name                      ; Value                                  ; Default Value ; Entity Name    ; Section Id ;
+--------------------------------------+----------------------------------------+---------------+----------------+------------+
; COMPILER_SIGNATURE_ID                ; 1099416312856.175844768106480          ; --            ; --             ; --         ;
; DSP_BLOCK_BALANCING                  ; DSP blocks                             ; Auto          ; --             ; --         ;
; MAX_CORE_JUNCTION_TEMP               ; 85                                     ; --            ; --             ; --         ;
; MIN_CORE_JUNCTION_TEMP               ; 0                                      ; --            ; --             ; --         ;
; NUM_PARALLEL_PROCESSORS              ; 2                                      ; --            ; --             ; --         ;
; PARTITION_COLOR                      ; -- (Not supported for targeted family) ; --            ; spi_ecc_128bit ; Top        ;
; PARTITION_FITTER_PRESERVATION_LEVEL  ; -- (Not supported for targeted family) ; --            ; spi_ecc_128bit ; Top        ;
; PARTITION_NETLIST_TYPE               ; -- (Not supported for targeted family) ; --            ; spi_ecc_128bit ; Top        ;
; PHYSICAL_SYNTHESIS_COMBO_LOGIC       ; On                                     ; Off           ; --             ; --         ;
; PHYSICAL_SYNTHESIS_REGISTER_RETIMING ; On                                     ; Off           ; --             ; --         ;
; PROJECT_OUTPUT_DIRECTORY             ; output_files                           ; --            ; --             ; --         ;
; TOP_LEVEL_ENTITY                     ; spi_ecc_128bit                         ; ecc           ; --             ; --         ;
+--------------------------------------+----------------------------------------+---------------+----------------+------------+


+--------------------------------------------------------------------------------------------------------------------------+
; Flow Elapsed Time                                                                                                        ;
+----------------------+--------------+-------------------------+---------------------+------------------------------------+
; Module Name          ; Elapsed Time ; Average Processors Used ; Peak Virtual Memory ; Total CPU Time (on all processors) ;
+----------------------+--------------+-------------------------+---------------------+------------------------------------+
; Analysis & Synthesis ; 00:00:12     ; 1.0                     ; 4821 MB             ; 00:00:21                           ;
; Fitter               ; 00:00:09     ; 1.1                     ; 5264 MB             ; 00:00:10                           ;
; Assembler            ; 00:00:01     ; 1.0                     ; 4691 MB             ; 00:00:01                           ;
; Timing Analyzer      ; 00:00:03     ; 1.2                     ; 4761 MB             ; 00:00:03                           ;
; Total                ; 00:00:25     ; --                      ; --                  ; 00:00:35                           ;
+----------------------+--------------+-------------------------+---------------------+------------------------------------+


+------------------------------------------------------------------------------------+
; Flow OS Summary                                                                    ;
+----------------------+------------------+------------+------------+----------------+
; Module Name          ; Machine Hostname ; OS Name    ; OS Version ; Processor type ;
+----------------------+------------------+------------+------------+----------------+
; Analysis & Synthesis ; OngAnBaNgan      ; Windows 10 ; 10.0       ; x86_64         ;
; Fitter               ; OngAnBaNgan      ; Windows 10 ; 10.0       ; x86_64         ;
; Assembler            ; OngAnBaNgan      ; Windows 10 ; 10.0       ; x86_64         ;
; Timing Analyzer      ; OngAnBaNgan      ; Windows 10 ; 10.0       ; x86_64         ;
+----------------------+------------------+------------+------------+----------------+


------------
; Flow Log ;
------------
quartus_map --read_settings_files=on --write_settings_files=off ecc -c ecc
quartus_fit --read_settings_files=off --write_settings_files=off ecc -c ecc
quartus_asm --read_settings_files=off --write_settings_files=off ecc -c ecc
quartus_sta ecc -c ecc



